2025-09-01 14:15:02 - gnn_experiment - INFO - 日志文件保存至: logs/gnn_experiment_20250901_141502.log
2025-09-01 14:15:02 - gnn_experiment - INFO - ================================================================================
2025-09-01 14:15:02 - gnn_experiment - INFO - 开始第三阶段GNN实验 - GAT模型
2025-09-01 14:15:02 - gnn_experiment - INFO - ================================================================================
2025-09-01 14:15:02 - gnn_experiment - INFO - 使用设备: cpu
2025-09-01 14:15:02 - gnn_experiment - INFO - 步骤 1: 加载竞赛数据
2025-09-01 14:15:02 - gnn_experiment - INFO - 步骤 2: 准备任务特定数据集
2025-09-01 14:15:02 - gnn_experiment - INFO - 
准备任务: Tg
2025-09-01 14:15:02 - gnn_experiment - INFO - 限制样本数为 20
2025-09-01 14:15:02 - gnn_experiment - INFO - 任务 Tg: 20 个样本
2025-09-01 14:15:02 - gnn_experiment - INFO - 
准备任务: FFV
2025-09-01 14:15:05 - gnn_experiment - INFO - 限制样本数为 20
2025-09-01 14:15:05 - gnn_experiment - INFO - 任务 FFV: 20 个样本
2025-09-01 14:15:05 - gnn_experiment - INFO - 
准备任务: Tc
2025-09-01 14:15:05 - gnn_experiment - INFO - 限制样本数为 20
2025-09-01 14:15:05 - gnn_experiment - INFO - 任务 Tc: 20 个样本
2025-09-01 14:15:05 - gnn_experiment - INFO - 
准备任务: Density
2025-09-01 14:15:05 - gnn_experiment - INFO - 限制样本数为 20
2025-09-01 14:15:05 - gnn_experiment - INFO - 任务 Density: 20 个样本
2025-09-01 14:15:05 - gnn_experiment - INFO - 
准备任务: Rg
2025-09-01 14:15:05 - gnn_experiment - INFO - 限制样本数为 20
2025-09-01 14:15:05 - gnn_experiment - INFO - 任务 Rg: 20 个样本
2025-09-01 14:15:05 - gnn_experiment - INFO - 步骤 3: 初始化GNN训练器
2025-09-01 14:15:05 - gnn_experiment - INFO - 步骤 4: 开始训练 GAT 模型
2025-09-01 14:15:30 - gnn_experiment - INFO - 步骤 5: 模型性能评估
2025-09-01 14:15:30 - gnn_experiment - INFO - 
任务 Tg 结果:
2025-09-01 14:15:30 - gnn_experiment - INFO -   最佳验证MAE: 0.503573
2025-09-01 14:15:30 - gnn_experiment - INFO -   最终训练损失: 0.700295
2025-09-01 14:15:30 - gnn_experiment - INFO -   最终验证损失: 0.148693
2025-09-01 14:15:30 - gnn_experiment - INFO - 
任务 FFV 结果:
2025-09-01 14:15:30 - gnn_experiment - INFO -   最佳验证MAE: 0.161601
2025-09-01 14:15:30 - gnn_experiment - INFO -   最终训练损失: 0.449670
2025-09-01 14:15:30 - gnn_experiment - INFO -   最终验证损失: 0.052493
2025-09-01 14:15:30 - gnn_experiment - INFO - 
任务 Tc 结果:
2025-09-01 14:15:30 - gnn_experiment - INFO -   最佳验证MAE: 0.293928
2025-09-01 14:15:30 - gnn_experiment - INFO -   最终训练损失: 0.294545
2025-09-01 14:15:30 - gnn_experiment - INFO -   最终验证损失: 0.073764
2025-09-01 14:15:30 - gnn_experiment - INFO - 
任务 Density 结果:
2025-09-01 14:15:30 - gnn_experiment - INFO -   最佳验证MAE: 0.398949
2025-09-01 14:15:30 - gnn_experiment - INFO -   最终训练损失: 0.232604
2025-09-01 14:15:30 - gnn_experiment - INFO -   最终验证损失: 0.151983
2025-09-01 14:15:30 - gnn_experiment - INFO - 
任务 Rg 结果:
2025-09-01 14:15:30 - gnn_experiment - INFO -   最佳验证MAE: 0.310264
2025-09-01 14:15:30 - gnn_experiment - INFO -   最终训练损失: 0.160371
2025-09-01 14:15:30 - gnn_experiment - INFO -   最终验证损失: 0.071194
2025-09-01 14:15:30 - gnn_experiment - INFO - 步骤 6: 保存实验结果
2025-09-01 14:15:30 - gnn_experiment - INFO - 实验报告已保存: results/gnn_models/gnn_gat_experiment_report.csv
2025-09-01 14:15:30 - gnn_experiment - INFO - 训练历史已保存: results/gnn_models/gnn_gat_training_history.pkl
2025-09-01 14:15:30 - gnn_experiment - INFO - 步骤 7: 生成测试集预测
2025-09-01 14:15:30 - gnn_experiment - INFO - 预测任务: Tg
2025-09-01 14:15:30 - gnn_experiment - INFO - 预测任务: FFV
2025-09-01 14:15:30 - gnn_experiment - INFO - 预测任务: Tc
2025-09-01 14:15:30 - gnn_experiment - INFO - 预测任务: Density
2025-09-01 14:15:30 - gnn_experiment - INFO - 预测任务: Rg
2025-09-01 14:15:30 - gnn_experiment - INFO - 提交文件已保存: results/gnn_models/gnn_gat_submission.csv
2025-09-01 14:15:30 - gnn_experiment - INFO - 
================================================================================
2025-09-01 14:15:30 - gnn_experiment - INFO - GNN实验完成总结
2025-09-01 14:15:30 - gnn_experiment - INFO - ================================================================================
2025-09-01 14:15:30 - gnn_experiment - INFO - 总体平均MAE: 0.333663
2025-09-01 14:15:30 - gnn_experiment - INFO - 
各任务最佳性能:
2025-09-01 14:15:30 - gnn_experiment - INFO -   Tg: MAE 0.503573
2025-09-01 14:15:30 - gnn_experiment - INFO -   FFV: MAE 0.161601
2025-09-01 14:15:30 - gnn_experiment - INFO -   Tc: MAE 0.293928
2025-09-01 14:15:30 - gnn_experiment - INFO -   Density: MAE 0.398949
2025-09-01 14:15:30 - gnn_experiment - INFO -   Rg: MAE 0.310264
2025-09-01 14:15:30 - gnn_experiment - INFO - 
模型类型: GAT
2025-09-01 14:15:30 - gnn_experiment - INFO - 设备: cpu
2025-09-01 14:15:30 - gnn_experiment - INFO - 训练样本总数: 100
2025-09-01 14:15:30 - gnn_experiment - INFO - 成功训练任务数: 5
2025-09-01 14:15:30 - gnn_experiment - INFO - 
实验文件保存位置:
2025-09-01 14:15:30 - gnn_experiment - INFO -   模型文件: results/gnn_models/
2025-09-01 14:15:30 - gnn_experiment - INFO -   实验报告: results/gnn_models/gnn_gat_experiment_report.csv
2025-09-01 14:15:30 - gnn_experiment - INFO -   训练历史: results/gnn_models/gnn_gat_training_history.pkl
2025-09-01 14:15:30 - gnn_experiment - INFO -   提交文件: results/gnn_models/gnn_gat_submission.csv
