2025-08-30 17:09:43 - multi_task_experiment - INFO - 日志文件保存至: logs/multi_task_experiment_20250830_170943.log
2025-08-30 17:09:43 - multi_task_experiment - INFO - ================================================================================
2025-08-30 17:09:43 - multi_task_experiment - INFO - 开始NeurIPS 2025多任务聚合物预测实验
2025-08-30 17:09:43 - multi_task_experiment - INFO - ================================================================================
2025-08-30 17:09:43 - multi_task_experiment - INFO - 步骤 1: 加载和分析竞赛数据
2025-08-30 17:09:43 - multi_task_experiment - INFO - 数据分析完成
2025-08-30 17:09:43 - multi_task_experiment - INFO - 步骤 2: 准备任务特定数据集
2025-08-30 17:09:43 - multi_task_experiment - INFO -   FFV: 7892 样本
2025-08-30 17:09:43 - multi_task_experiment - INFO -   Tg: 557 样本
2025-08-30 17:09:43 - multi_task_experiment - INFO -   Tc: 1611 样本
2025-08-30 17:09:43 - multi_task_experiment - INFO -   Density: 613 样本
2025-08-30 17:09:43 - multi_task_experiment - INFO -   Rg: 614 样本
2025-08-30 17:09:43 - multi_task_experiment - INFO - 步骤 3: 为每个任务准备训练和验证数据
2025-08-30 17:10:15 - multi_task_experiment - INFO -   FFV 数据准备完成
2025-08-30 17:10:17 - multi_task_experiment - INFO -   Tg 数据准备完成
2025-08-30 17:10:23 - multi_task_experiment - INFO -   Tc 数据准备完成
2025-08-30 17:10:25 - multi_task_experiment - INFO -   Density 数据准备完成
2025-08-30 17:10:27 - multi_task_experiment - INFO -   Rg 数据准备完成
2025-08-30 17:10:27 - multi_task_experiment - INFO - 步骤 4: 训练多任务模型
2025-08-30 17:10:27 - multi_task_experiment - INFO - 步骤 5: 保存训练结果
2025-08-30 17:10:27 - multi_task_experiment - INFO - 步骤 6: 生成测试集预测
2025-08-30 17:10:27 - multi_task_experiment - INFO - 提交文件已保存: results/multi_task_models/submission.csv
2025-08-30 17:10:27 - multi_task_experiment - INFO - 
预测结果摘要:
2025-08-30 17:10:27 - multi_task_experiment - INFO - 步骤 7: 生成实验报告
2025-08-30 17:10:27 - multi_task_experiment - INFO - 生成实验报告...
2025-08-30 17:10:27 - multi_task_experiment - ERROR - 实验过程中发生错误: 'cv_mae'
