2025-08-30 18:12:32 - multi_task_experiment - INFO - 日志文件保存至: logs/multi_task_experiment_20250830_181232.log
2025-08-30 18:12:32 - multi_task_experiment - INFO - ================================================================================
2025-08-30 18:12:32 - multi_task_experiment - INFO - 开始NeurIPS 2025多任务聚合物预测实验
2025-08-30 18:12:32 - multi_task_experiment - INFO - ================================================================================
2025-08-30 18:12:32 - multi_task_experiment - INFO - 步骤 1: 加载和分析竞赛数据
2025-08-30 18:12:32 - multi_task_experiment - INFO - 数据分析完成
2025-08-30 18:12:32 - multi_task_experiment - INFO - 步骤 2: 准备任务特定数据集
2025-08-30 18:12:32 - multi_task_experiment - INFO -   FFV: 7892 样本
2025-08-30 18:12:32 - multi_task_experiment - INFO -   Tg: 557 样本
2025-08-30 18:12:32 - multi_task_experiment - INFO -   Tc: 1611 样本
2025-08-30 18:12:32 - multi_task_experiment - INFO -   Density: 613 样本
2025-08-30 18:12:32 - multi_task_experiment - INFO -   Rg: 614 样本
2025-08-30 18:12:32 - multi_task_experiment - INFO - 步骤 3: 为每个任务准备训练和验证数据
2025-08-30 18:13:23 - multi_task_experiment - INFO -   FFV 数据准备完成
2025-08-30 18:13:26 - multi_task_experiment - INFO -   Tg 数据准备完成
2025-08-30 18:13:34 - multi_task_experiment - INFO -   Tc 数据准备完成
2025-08-30 18:13:37 - multi_task_experiment - INFO -   Density 数据准备完成
2025-08-30 18:13:40 - multi_task_experiment - INFO -   Rg 数据准备完成
2025-08-30 18:13:40 - multi_task_experiment - INFO - 步骤 4: 训练多任务模型
2025-08-30 18:15:06 - multi_task_experiment - INFO - 步骤 5: 保存训练结果
2025-08-30 18:15:06 - multi_task_experiment - INFO - 步骤 6: 生成测试集预测
2025-08-30 18:15:06 - multi_task_experiment - INFO - 提交文件已保存: results/multi_task_models/submission.csv
2025-08-30 18:15:06 - multi_task_experiment - INFO - 
预测结果摘要:
2025-08-30 18:15:06 - multi_task_experiment - INFO -   FFV: 均值=0.387799, 标准差=0.016537
2025-08-30 18:15:06 - multi_task_experiment - INFO -   Tg: 均值=143.269082, 标准差=66.819648
2025-08-30 18:15:06 - multi_task_experiment - INFO -   Tc: 均值=0.252707, 标准差=0.036604
2025-08-30 18:15:06 - multi_task_experiment - INFO -   Density: 均值=0.977880, 标准差=0.081657
2025-08-30 18:15:06 - multi_task_experiment - INFO -   Rg: 均值=21.895855, 标准差=1.536296
2025-08-30 18:15:06 - multi_task_experiment - INFO - 步骤 7: 生成实验报告
2025-08-30 18:15:06 - multi_task_experiment - INFO - 生成实验报告...
2025-08-30 18:15:06 - multi_task_experiment - INFO - 
====================================================================================================
2025-08-30 18:15:06 - multi_task_experiment - INFO - 实验报告 - 多任务学习结果
2025-08-30 18:15:06 - multi_task_experiment - INFO - ====================================================================================================
2025-08-30 18:15:06 - multi_task_experiment - INFO - 
数据摘要:
2025-08-30 18:15:06 - multi_task_experiment - INFO -   总训练样本: 11287
2025-08-30 18:15:06 - multi_task_experiment - INFO -   任务数量: 5
2025-08-30 18:15:06 - multi_task_experiment - INFO - 
各任务训练样本数:
2025-08-30 18:15:06 - multi_task_experiment - INFO -   FFV: 7892 样本
2025-08-30 18:15:06 - multi_task_experiment - INFO -   Tg: 557 样本
2025-08-30 18:15:06 - multi_task_experiment - INFO -   Tc: 1611 样本
2025-08-30 18:15:06 - multi_task_experiment - INFO -   Density: 613 样本
2025-08-30 18:15:06 - multi_task_experiment - INFO -   Rg: 614 样本
2025-08-30 18:15:06 - multi_task_experiment - INFO - 
模型性能 (按MAE排序):
2025-08-30 18:15:06 - multi_task_experiment - INFO -   1. FFV (xgboost): MAE = 0.005634 ± 0.000331
2025-08-30 18:15:06 - multi_task_experiment - INFO -   3. Tc (xgboost): MAE = 0.014434 ± 0.002008
2025-08-30 18:15:06 - multi_task_experiment - INFO -   4. Density (xgboost): MAE = 0.030265 ± 0.003705
2025-08-30 18:15:06 - multi_task_experiment - INFO -   5. Rg (lightgbm): MAE = 1.704522 ± 0.092266
2025-08-30 18:15:06 - multi_task_experiment - INFO -   2. Tg (lightgbm): MAE = 53.482888 ± 4.288457
2025-08-30 18:15:06 - multi_task_experiment - INFO - 
总体统计:
2025-08-30 18:15:06 - multi_task_experiment - INFO -   平均MAE: 11.047549
2025-08-30 18:15:06 - multi_task_experiment - INFO -   最佳任务: FFV (MAE: 0.005634)
2025-08-30 18:15:06 - multi_task_experiment - INFO -   最差任务: Tg (MAE: 53.482888)
2025-08-30 18:15:06 - multi_task_experiment - INFO - 
详细报告已保存: results/multi_task_models/experiment_report.csv
2025-08-30 18:15:06 - multi_task_experiment - INFO - ====================================================================================================
2025-08-30 18:15:06 - multi_task_experiment - INFO - ================================================================================
2025-08-30 18:15:06 - multi_task_experiment - INFO - 多任务实验完成!
2025-08-30 18:15:06 - multi_task_experiment - INFO - ================================================================================
