2025-08-30 17:11:20 - multi_task_experiment - INFO - 日志文件保存至: logs/multi_task_experiment_20250830_171120.log
2025-08-30 17:11:20 - multi_task_experiment - INFO - ================================================================================
2025-08-30 17:11:20 - multi_task_experiment - INFO - 开始NeurIPS 2025多任务聚合物预测实验
2025-08-30 17:11:20 - multi_task_experiment - INFO - ================================================================================
2025-08-30 17:11:20 - multi_task_experiment - INFO - 步骤 1: 加载和分析竞赛数据
2025-08-30 17:11:20 - multi_task_experiment - INFO - 数据分析完成
2025-08-30 17:11:20 - multi_task_experiment - INFO - 步骤 2: 准备任务特定数据集
2025-08-30 17:11:20 - multi_task_experiment - INFO -   FFV: 7892 样本
2025-08-30 17:11:20 - multi_task_experiment - INFO -   Tg: 557 样本
2025-08-30 17:11:20 - multi_task_experiment - INFO -   Tc: 1611 样本
2025-08-30 17:11:20 - multi_task_experiment - INFO -   Density: 613 样本
2025-08-30 17:11:20 - multi_task_experiment - INFO -   Rg: 614 样本
2025-08-30 17:11:20 - multi_task_experiment - INFO - 步骤 3: 为每个任务准备训练和验证数据
2025-08-30 17:11:52 - multi_task_experiment - INFO -   FFV 数据准备完成
2025-08-30 17:11:55 - multi_task_experiment - INFO -   Tg 数据准备完成
2025-08-30 17:12:00 - multi_task_experiment - INFO -   Tc 数据准备完成
2025-08-30 17:12:02 - multi_task_experiment - INFO -   Density 数据准备完成
2025-08-30 17:12:04 - multi_task_experiment - INFO -   Rg 数据准备完成
2025-08-30 17:12:04 - multi_task_experiment - INFO - 步骤 4: 训练多任务模型
2025-08-30 17:13:27 - multi_task_experiment - INFO - 步骤 5: 保存训练结果
2025-08-30 17:13:27 - multi_task_experiment - INFO - 步骤 6: 生成测试集预测
2025-08-30 17:13:27 - multi_task_experiment - INFO - 提交文件已保存: results/multi_task_models/submission.csv
2025-08-30 17:13:27 - multi_task_experiment - INFO - 
预测结果摘要:
2025-08-30 17:13:27 - multi_task_experiment - INFO -   FFV: 均值=0.394985, 标准差=0.018970
2025-08-30 17:13:27 - multi_task_experiment - INFO -   Tg: 均值=143.905269, 标准差=26.541584
2025-08-30 17:13:27 - multi_task_experiment - INFO -   Tc: 均值=0.244458, 标准差=0.036160
2025-08-30 17:13:27 - multi_task_experiment - INFO -   Density: 均值=1.043488, 标准差=0.131279
2025-08-30 17:13:27 - multi_task_experiment - INFO -   Rg: 均值=23.148932, 标准差=1.682655
2025-08-30 17:13:27 - multi_task_experiment - INFO - 步骤 7: 生成实验报告
2025-08-30 17:13:27 - multi_task_experiment - INFO - 生成实验报告...
2025-08-30 17:13:27 - multi_task_experiment - INFO - 
====================================================================================================
2025-08-30 17:13:27 - multi_task_experiment - INFO - 实验报告 - 多任务学习结果
2025-08-30 17:13:27 - multi_task_experiment - INFO - ====================================================================================================
2025-08-30 17:13:27 - multi_task_experiment - INFO - 
数据摘要:
2025-08-30 17:13:27 - multi_task_experiment - INFO -   总训练样本: 11287
2025-08-30 17:13:27 - multi_task_experiment - INFO -   任务数量: 5
2025-08-30 17:13:27 - multi_task_experiment - INFO - 
各任务训练样本数:
2025-08-30 17:13:27 - multi_task_experiment - INFO -   FFV: 7892 样本
2025-08-30 17:13:27 - multi_task_experiment - INFO -   Tg: 557 样本
2025-08-30 17:13:27 - multi_task_experiment - INFO -   Tc: 1611 样本
2025-08-30 17:13:27 - multi_task_experiment - INFO -   Density: 613 样本
2025-08-30 17:13:27 - multi_task_experiment - INFO -   Rg: 614 样本
2025-08-30 17:13:27 - multi_task_experiment - INFO - 
模型性能 (按MAE排序):
2025-08-30 17:13:27 - multi_task_experiment - INFO -   1. FFV (xgboost): MAE = 0.006164 ± 0.000294
2025-08-30 17:13:27 - multi_task_experiment - INFO -   3. Tc (xgboost): MAE = 0.015454 ± 0.002088
2025-08-30 17:13:27 - multi_task_experiment - INFO -   4. Density (xgboost): MAE = 0.035749 ± 0.003911
2025-08-30 17:13:27 - multi_task_experiment - INFO -   5. Rg (xgboost): MAE = 1.732296 ± 0.193757
2025-08-30 17:13:27 - multi_task_experiment - INFO -   2. Tg (lightgbm): MAE = 53.484362 ± 5.176617
2025-08-30 17:13:27 - multi_task_experiment - INFO - 
总体统计:
2025-08-30 17:13:27 - multi_task_experiment - INFO -   平均MAE: 11.054805
2025-08-30 17:13:27 - multi_task_experiment - INFO -   最佳任务: FFV (MAE: 0.006164)
2025-08-30 17:13:27 - multi_task_experiment - INFO -   最差任务: Tg (MAE: 53.484362)
2025-08-30 17:13:27 - multi_task_experiment - INFO - 
详细报告已保存: results/multi_task_models/experiment_report.csv
2025-08-30 17:13:27 - multi_task_experiment - INFO - ====================================================================================================
2025-08-30 17:13:27 - multi_task_experiment - INFO - ================================================================================
2025-08-30 17:13:27 - multi_task_experiment - INFO - 多任务实验完成!
2025-08-30 17:13:27 - multi_task_experiment - INFO - ================================================================================
